Jul 14, 2016 5:35:51 PM Server_Side.Server_LVL.Clinic_LVL_UDP_Listener run
INFO: Get request: 002
dr
Start a new thread to handle this.
Jul 14, 2016 5:35:51 PM Server_Side.Server_LVL.Clinic_LVL_UDP_Listener$Connection <init>
INFO: Request code: 002, Search HashMap, SearchType: dr
Jul 14, 2016 5:36:03 PM Server_Side.Server_LVL.Clinic_LVL_UDP_Listener run
INFO: Get request: 003
RecordID: DR10000
First Name: dong
Last Name: chen
Address: add
Phone: 123123
specialization: abc
location: mtl
Start a new thread to handle this.
Jul 14, 2016 5:36:03 PM Server_Side.Server_LVL.Clinic_LVL_UDP_Listener$Connection <init>
INFO: Request code: 003, Transfer Record, Record: RecordID: DR10000
First Name: dong
Last Name: chen
Address: add
Phone: 123123
specialization: abc
location: mtl
Jul 14, 2016 5:36:09 PM Server_Side.Server_LVL.Clinic_LVL_UDP_Listener run
INFO: Get request: 002
dr
Start a new thread to handle this.
Jul 14, 2016 5:36:09 PM Server_Side.Server_LVL.Clinic_LVL_UDP_Listener$Connection <init>
INFO: Request code: 002, Search HashMap, SearchType: dr
Jul 14, 2016 11:17:38 PM Server_Side.Server_LVL.Clinic_LVL_UDP_Listener run
INFO: Get request: 002
dr
Start a new thread to handle this.
Jul 14, 2016 11:17:38 PM Server_Side.Server_LVL.Clinic_LVL_UDP_Listener$Connection <init>
INFO: Request code: 002, Search HashMap, SearchType: dr
Jul 14, 2016 11:17:54 PM Server_Side.Server_LVL.Clinic_LVL_UDP_Listener run
INFO: Get request: 002
dr
Start a new thread to handle this.
Jul 14, 2016 11:17:54 PM Server_Side.Server_LVL.Clinic_LVL_UDP_Listener$Connection <init>
INFO: Request code: 002, Search HashMap, SearchType: dr
Jul 14, 2016 11:18:07 PM Server_Side.Server_LVL.Clinic_LVL_UDP_Listener run
INFO: Get request: 001
lvl10009
Start a new thread to handle this.
Jul 14, 2016 11:18:07 PM Server_Side.Server_LVL.Clinic_LVL_UDP_Listener$Connection <init>
INFO: Request code: 001, Check ManagerID: lvl10009 valid or not.
Jul 14, 2016 11:18:10 PM Server_Side.Server_LVL.Clinic_LVL_UDP_Listener run
INFO: Get request: 001
lvl10000
Start a new thread to handle this.
Jul 14, 2016 11:18:10 PM Server_Side.Server_LVL.Clinic_LVL_UDP_Listener$Connection <init>
INFO: Request code: 001, Check ManagerID: lvl10000 valid or not.
Jul 14, 2016 11:18:15 PM Server_Side.Server_LVL.Clinic_LVL_Impl getRecordCounts
INFO: Manager: lvl10000 search RecordCounts: 
LVL DR: 0
MTL DR: 3
DDO DR: 1

Jul 14, 2016 11:18:36 PM Server_Side.Server_LVL.Clinic_LVL_Impl createDRecord
INFO: Manager: lvl10000 Creat Doctor Record: 
RecordID: DR10001
First Name: peilin
Last Name: jiang
Address: lal
Phone: 123123
specialization: abv
location: lvl

Jul 14, 2016 11:18:40 PM Server_Side.Server_LVL.Clinic_LVL_Impl getRecordCounts
INFO: Manager: lvl10000 search RecordCounts: 
LVL DR: 1
MTL DR: 3
DDO DR: 1

Jul 14, 2016 11:18:54 PM Server_Side.Server_LVL.Clinic_LVL_Impl transferRecord
INFO: Manager: lvl10000 transfer recordID: dr10001 to mtlsuccess
Jul 14, 2016 11:18:58 PM Server_Side.Server_LVL.Clinic_LVL_Impl getRecordCounts
INFO: Manager: lvl10000 search RecordCounts: 
LVL DR: 0
MTL DR: 4
DDO DR: 1

Jul 19, 2016 9:45:36 PM Server_Side.Server_LVL.Clinic_LVL_UDP_Listener run
INFO: Get request: 001
lvl10000
Start a new thread to handle this.
Jul 19, 2016 9:45:36 PM Server_Side.Server_LVL.Clinic_LVL_UDP_Listener$Connection <init>
INFO: Request code: 001, Check ManagerID: lvl10000 valid or not.
Jul 19, 2016 9:45:52 PM Server_Side.Server_LVL.Clinic_LVL_Impl createDRecord
INFO: Manager: lvl10000 Creat Doctor Record: 
RecordID: DR10003
First Name: laval
Last Name: masdf
Address: asd
Phone: 123123
specialization: abv
location: lvl

Jul 19, 2016 9:46:08 PM Server_Side.Server_LVL.Clinic_LVL_Impl getRecordCounts
INFO: Manager: lvl10000 search RecordCounts: 
LVL DR: 1
MTL DR: 4
DDO DR: 1

Jul 19, 2016 9:47:02 PM Server_Side.Server_LVL.Clinic_LVL_Impl transferRecord
INFO: Manager: lvl10000 transfer recordID: DR10003 to mtlsuccess
Jul 19, 2016 9:47:09 PM Server_Side.Server_LVL.Clinic_LVL_Impl getRecordCounts
INFO: Manager: lvl10000 search RecordCounts: 
LVL DR: 0
MTL DR: 5
DDO DR: 1

