Jul 14, 2016 3:52:47 PM Client_Side.ManagerClients main
INFO: ManagerID: mtl10000 log in DSMS.
Jul 14, 2016 3:52:52 PM Client_Side.ManagerClients main
INFO: Manager Choose Creat Doctor Record.
Jul 14, 2016 3:53:03 PM Client_Side.ManagerClients main
INFO: Manager Creat Doctor Record Succeed!
Doctor Record Buid Succeed !
RecordID: DR10000
First Name: dong
Last Name: chen
Address: montreal
Phone: 123123
specialization: abc
location: mtl

Jul 14, 2016 3:53:13 PM Client_Side.ManagerClients main
INFO: Manager Choose Get Record Counts.
Jul 14, 2016 5:35:34 PM Client_Side.ManagerClients main
INFO: ManagerID: mtl10000 log in DSMS.
Jul 14, 2016 5:35:39 PM Client_Side.ManagerClients main
INFO: Manager Choose Creat Doctor Record.
Jul 14, 2016 5:35:46 PM Client_Side.ManagerClients main
INFO: Manager Creat Doctor Record Succeed!
Doctor Record Buid Succeed !
RecordID: DR10000
First Name: dong
Last Name: chen
Address: add
Phone: 123123
specialization: abc
location: mtl

Jul 14, 2016 5:35:49 PM Client_Side.ManagerClients main
INFO: Manager Choose Get Record Counts.
Jul 14, 2016 5:35:51 PM Client_Side.ManagerClients main
INFO: Get Record Counts: 
MTL DR: 3
LVL DR: 0
DDO DR: 1

Jul 14, 2016 5:36:00 PM Client_Side.ManagerClients main
INFO: Manager Choose Transfer Record.
Jul 14, 2016 5:36:03 PM Client_Side.ManagerClients main
INFO: Manager Transfer Record Succeed!
Transfer doctor record success.
Jul 14, 2016 5:36:08 PM Client_Side.ManagerClients main
INFO: Manager Choose Get Record Counts.
Jul 14, 2016 5:36:09 PM Client_Side.ManagerClients main
INFO: Get Record Counts: 
MTL DR: 2
LVL DR: 1
DDO DR: 1

